<?xml version="1.0" encoding="UTF-8"?>
<!-- Generated by org.testng.reporters.JUnitReportReporter -->
<testsuite hostname="LAPTOP-7SU4SQ2L" failures="0" tests="2" name="org.appium.ecommerce_tc_4_Hybrid" time="43.920" errors="0" timestamp="2023-02-22T16:29:26 IST" skipped="0">
  <testcase classname="org.appium.ecommerce_tc_4_Hybrid" name="fillForm" time="21.997"/>
  <system-out/>
  <testcase classname="org.appium.ecommerce_tc_4_Hybrid" name="fillForm" time="21.923"/>
  <system-out/>
</testsuite> <!-- org.appium.ecommerce_tc_4_Hybrid -->
