<?xml version="1.0" encoding="UTF-8"?>
<!-- Generated by org.testng.reporters.JUnitReportReporter -->
<testsuite hostname="LAPTOP-7SU4SQ2L" failures="0" tests="2" name="org.appium.APIDemosTest" time="9.890" errors="0" timestamp="2023-02-20T14:39:28 IST" skipped="0">
  <testcase classname="org.appium.APIDemosTest" name="DragDropTest" time="4.335"/>
  <system-out/>
  <testcase classname="org.appium.APIDemosTest" name="wifiSettingName" time="5.555"/>
  <system-out/>
</testsuite> <!-- org.appium.APIDemosTest -->
