<?xml version="1.0" encoding="UTF-8"?>
<!-- Generated by org.testng.reporters.JUnitReportReporter -->
<testsuite hostname="LAPTOP-7SU4SQ2L" failures="0" tests="1" name="appium.MiscellaneousAppiumActions" time="9.527" errors="0" timestamp="2023-02-14T15:02:27 IST" skipped="0">
  <testcase classname="appium.MiscellaneousAppiumActions" name="MiscellaneousAppiumActions" time="9.527"/>
  <system-out/>
</testsuite> <!-- appium.MiscellaneousAppiumActions -->
