<?xml version="1.0" encoding="UTF-8"?>
<!-- Generated by org.testng.reporters.JUnitReportReporter -->
<testsuite hostname="LAPTOP-7SU4SQ2L" failures="0" tests="1" name="appium.ScrollDemo" time="2.482" errors="0" timestamp="2023-02-14T13:50:47 IST" skipped="0">
  <testcase classname="appium.ScrollDemo" name="scrollDemoTest" time="2.482"/>
  <system-out/>
</testsuite> <!-- appium.ScrollDemo -->
