<?xml version="1.0" encoding="UTF-8"?>
<!-- Generated by org.testng.reporters.JUnitReportReporter -->
<testsuite hostname="LAPTOP-7SU4SQ2L" failures="0" tests="1" name="ecommerce.ecommerce_tc_3" time="19.046" errors="0" timestamp="2023-02-16T23:34:22 IST" skipped="0">
  <testcase classname="ecommerce.ecommerce_tc_3" name="fillForm" time="19.046"/>
  <system-out/>
</testsuite> <!-- ecommerce.ecommerce_tc_3 -->
