<?xml version="1.0" encoding="UTF-8"?>
<!-- Generated by org.testng.reporters.JUnitReportReporter -->
<testsuite hostname="LAPTOP-7SU4SQ2L" failures="0" tests="1" name="appium.AppiumBasics" time="4.419" errors="0" timestamp="2023-02-18T00:48:25 IST" skipped="0">
  <testcase classname="appium.AppiumBasics" name="wifiSettingName" time="4.419"/>
  <system-out/>
</testsuite> <!-- appium.AppiumBasics -->
