<?xml version="1.0" encoding="UTF-8"?>
<!-- Generated by org.testng.reporters.JUnitReportReporter -->
<testsuite hostname="LAPTOP-7SU4SQ2L" failures="0" tests="1" name="ecommerce.ecommerce_tc_4" time="41.559" errors="0" timestamp="2023-02-15T19:24:38 IST" skipped="0">
  <testcase classname="ecommerce.ecommerce_tc_4" name="fillForm" time="41.559"/>
  <system-out/>
</testsuite> <!-- ecommerce.ecommerce_tc_4 -->
