<?xml version="1.0" encoding="UTF-8"?>
<!-- Generated by org.testng.reporters.JUnitReportReporter -->
<testsuite hostname="LAPTOP-7SU4SQ2L" failures="0" tests="1" name="appium.DragDropDemo" time="3.407" errors="0" timestamp="2023-02-14T14:24:24 IST" skipped="0">
  <testcase classname="appium.DragDropDemo" name="DragDropTest" time="3.407"/>
  <system-out/>
</testsuite> <!-- appium.DragDropDemo -->
