<?xml version="1.0" encoding="UTF-8"?>
<!-- Generated by org.testng.reporters.JUnitReportReporter -->
<testsuite hostname="LAPTOP-7SU4SQ2L" failures="0" tests="1" name="appium.LongPress" time="9.140" errors="0" timestamp="2023-02-14T13:14:30 IST" skipped="0">
  <testcase classname="appium.LongPress" name="longPressGesture" time="9.140"/>
  <system-out/>
</testsuite> <!-- appium.LongPress -->
