<?xml version="1.0" encoding="UTF-8"?>
<!-- Generated by org.testng.reporters.JUnitReportReporter -->
<testsuite hostname="LAPTOP-7SU4SQ2L" failures="0" tests="1" name="ecommerce.ecommerce_tc_2" time="19.219" errors="0" timestamp="2023-02-14T21:56:21 IST" skipped="0">
  <testcase classname="ecommerce.ecommerce_tc_2" name="fillForm" time="19.219"/>
  <system-out/>
</testsuite> <!-- ecommerce.ecommerce_tc_2 -->
