<?xml version="1.0" encoding="UTF-8"?>
<!-- Generated by org.testng.reporters.JUnitReportReporter -->
<testsuite hostname="LAPTOP-7SU4SQ2L" failures="0" tests="1" name="appium.MobileBrowserTest" time="2.253" errors="0" timestamp="2023-02-15T23:01:19 IST" skipped="0">
  <testcase classname="appium.MobileBrowserTest" name="browserTest" time="2.253"/>
  <system-out/>
</testsuite> <!-- appium.MobileBrowserTest -->
