<?xml version="1.0" encoding="UTF-8"?>
<!-- Generated by org.testng.reporters.JUnitReportReporter -->
<testsuite hostname="LAPTOP-7SU4SQ2L" failures="0" tests="1" name="appium.SwipeDemo" time="4.837" errors="0" timestamp="2023-02-14T14:25:01 IST" skipped="0">
  <testcase classname="appium.SwipeDemo" name="swipeDemoTest" time="4.837"/>
  <system-out/>
</testsuite> <!-- appium.SwipeDemo -->
